Number of Jobs:  40
Loading dataset CHEMBL2971_Ki from Benchmark_Data/CHEMBL2971_Ki/CHEMBL2971_Ki.csv
Loaded Benchmark_Data/CHEMBL2971_Ki/mcs_dict_0.9.pkl
  0%|          | 0/976 [00:00<?, ?it/s]  7%|▋         | 71/976 [00:00<00:01, 705.94it/s] 15%|█▍        | 142/976 [00:00<00:01, 698.72it/s] 22%|██▏       | 212/976 [00:00<00:01, 686.83it/s] 29%|██▉       | 281/976 [00:00<00:01, 675.78it/s] 36%|███▌      | 349/976 [00:00<00:00, 675.52it/s] 43%|████▎     | 418/976 [00:00<00:00, 679.76it/s] 51%|█████     | 493/976 [00:00<00:00, 701.38it/s] 58%|█████▊    | 564/976 [00:00<00:00, 604.22it/s] 64%|██████▍   | 627/976 [00:01<00:00, 531.51it/s] 70%|██████▉   | 683/976 [00:01<00:00, 501.16it/s] 75%|███████▌  | 735/976 [00:01<00:00, 487.30it/s] 80%|████████  | 785/976 [00:01<00:00, 483.20it/s] 86%|████████▌ | 835/976 [00:01<00:00, 472.86it/s] 90%|█████████ | 883/976 [00:01<00:00, 468.46it/s] 95%|█████████▌| 931/976 [00:01<00:00, 458.86it/s]100%|██████████| 976/976 [00:01<00:00, 551.25it/s]
Fold 0
best N_TREES: 0100
best val rmse: 0.000000
rf test rmse: 0.6597
rf test cliff rmse: 0.6202
rf test pcc: 0.8874
Total number of ground_truth explanations 29
rf direction score:  0.9655172413793104
Fold 1
best N_TREES: 0100
best val rmse: 0.000000
rf test rmse: 0.6542
rf test cliff rmse: 0.5851
rf test pcc: 0.8901
Total number of ground_truth explanations 29
rf direction score:  0.9655172413793104
Fold 2
best N_TREES: 0100
best val rmse: 0.000000
rf test rmse: 0.6714
rf test cliff rmse: 0.6029
rf test pcc: 0.8839
Total number of ground_truth explanations 29
rf direction score:  0.9310344827586207
Fold 3
best N_TREES: 0100
best val rmse: 0.000000
rf test rmse: 0.6638
rf test cliff rmse: 0.6106
rf test pcc: 0.8865
Total number of ground_truth explanations 29
rf direction score:  0.9655172413793104
Fold 4
best N_TREES: 0100
best val rmse: 0.000000
rf test rmse: 0.6556
rf test cliff rmse: 0.6256
rf test pcc: 0.8895
Total number of ground_truth explanations 29
rf direction score:  0.9655172413793104
Fold 5
best N_TREES: 0100
best val rmse: 0.000000
rf test rmse: 0.6566
rf test cliff rmse: 0.6122
rf test pcc: 0.8889
Total number of ground_truth explanations 29
rf direction score:  0.9655172413793104
Fold 6
best N_TREES: 0100
best val rmse: 0.000000
rf test rmse: 0.6456
rf test cliff rmse: 0.5810
rf test pcc: 0.8924
Total number of ground_truth explanations 29
rf direction score:  0.9655172413793104
Fold 7
best N_TREES: 0100
best val rmse: 0.000000
rf test rmse: 0.6754
rf test cliff rmse: 0.6016
rf test pcc: 0.8825
Total number of ground_truth explanations 29
rf direction score:  0.896551724137931
Fold 8
best N_TREES: 0100
best val rmse: 0.000000
rf test rmse: 0.6762
rf test cliff rmse: 0.6129
rf test pcc: 0.8820
Total number of ground_truth explanations 29
rf direction score:  0.9655172413793104
Fold 9
best N_TREES: 0100
best val rmse: 0.000000
rf test rmse: 0.6694
rf test cliff rmse: 0.6134
rf test pcc: 0.8842
Total number of ground_truth explanations 29
rf direction score:  0.9655172413793104
CHEMBL2971_Ki ==> rf_test_score rmse = 0.662787 +/- 0.009620
Seed 42 ==> rf_test_score rmse = 0.659689
Seed 43 ==> rf_test_score rmse = 0.654208
Seed 44 ==> rf_test_score rmse = 0.671357
Seed 45 ==> rf_test_score rmse = 0.663788
Seed 46 ==> rf_test_score rmse = 0.655558
Seed 47 ==> rf_test_score rmse = 0.656608
Seed 48 ==> rf_test_score rmse = 0.645630
Seed 49 ==> rf_test_score rmse = 0.675359
Seed 50 ==> rf_test_score rmse = 0.676229
Seed 51 ==> rf_test_score rmse = 0.669444
CHEMBL2971_Ki ==> rf_test_cliff_score rmse = 0.606552 +/- 0.013554
Seed 42 ==> rf_test_cliff_score rmse = 0.620227
Seed 43 ==> rf_test_cliff_score rmse = 0.585066
Seed 44 ==> rf_test_cliff_score rmse = 0.602873
Seed 45 ==> rf_test_cliff_score rmse = 0.610608
Seed 46 ==> rf_test_cliff_score rmse = 0.625622
Seed 47 ==> rf_test_cliff_score rmse = 0.612166
Seed 48 ==> rf_test_cliff_score rmse = 0.581022
Seed 49 ==> rf_test_cliff_score rmse = 0.601623
Seed 50 ==> rf_test_cliff_score rmse = 0.612883
Seed 51 ==> rf_test_cliff_score rmse = 0.613426
CHEMBL2971_Ki ==> rf_direction_score  = 0.955172 +/- 0.022080
Seed 42 ==> rf_direction_score  = 0.965517
Seed 43 ==> rf_direction_score  = 0.965517
Seed 44 ==> rf_direction_score  = 0.931034
Seed 45 ==> rf_direction_score  = 0.965517
Seed 46 ==> rf_direction_score  = 0.965517
Seed 47 ==> rf_direction_score  = 0.965517
Seed 48 ==> rf_direction_score  = 0.965517
Seed 49 ==> rf_direction_score  = 0.896552
Seed 50 ==> rf_direction_score  = 0.965517
Seed 51 ==> rf_direction_score  = 0.965517
args: Namespace(seed=42, gpu=None, save_dir='./Benchmark_Data/CHEMBL2971_Ki', save_checkpoints=False, checkpoint_path=None, config_dir='./configs', data_path='Benchmark_Data', dataset='CHEMBL2971_Ki', threshold=0.9, mode='cross_validation', num_classes=1, split=[0.8, 0.1, 0.1], metric='rmse', minimize_score=True, max_evals=50, hpt_patience=10, use_gnn_opt_params=False, use_opt_xweight=False, tune_type='grid_search', num_folds=10, save_fold=False, show_individual_scores=True, conv_name='nn', num_layers=3, hidden_dim=64, pool='mean', attribute_to_last_layer=True, dropout_rate=0.0, epochs=300, early_stop_epoch=100, batch_size=2, lr=0.0003, weight_decay=0.0, factor=0.9, patience=10, min_lr=1e-07, opt_goal='MSE', loss='MSE+direction', com_loss_weight=0.02, uncom_loss_weight=0.02, normalize=False)
