Number of Jobs:  40
Loading dataset CHEMBL4203_Ki from Benchmark_Data/CHEMBL4203_Ki/CHEMBL4203_Ki.csv
Loaded Benchmark_Data/CHEMBL4203_Ki/mcs_dict_0.9.pkl
  0%|          | 0/731 [00:00<?, ?it/s]  9%|▉         | 68/731 [00:00<00:00, 679.95it/s] 19%|█▊        | 137/731 [00:00<00:00, 679.75it/s] 29%|██▉       | 212/731 [00:00<00:00, 707.76it/s] 39%|███▊      | 283/731 [00:00<00:00, 704.76it/s] 48%|████▊     | 354/731 [00:00<00:00, 698.54it/s] 58%|█████▊    | 424/731 [00:00<00:00, 697.99it/s] 68%|██████▊   | 494/731 [00:00<00:00, 695.97it/s] 77%|███████▋  | 564/731 [00:00<00:00, 694.41it/s] 87%|████████▋ | 634/731 [00:00<00:00, 686.60it/s] 96%|█████████▋| 704/731 [00:01<00:00, 689.57it/s]100%|██████████| 731/731 [00:01<00:00, 691.57it/s]
Fold 0
best N_TREES: 0100
best val rmse: 0.000000
rf test rmse: 0.7991
rf test cliff rmse: 1.0204
rf test pcc: 0.6767
Total number of ground_truth explanations 8
rf direction score:  0.5
Fold 1
best N_TREES: 0100
best val rmse: 0.000000
rf test rmse: 0.7988
rf test cliff rmse: 1.0578
rf test pcc: 0.6781
Total number of ground_truth explanations 8
rf direction score:  0.5
Fold 2
best N_TREES: 0100
best val rmse: 0.000000
rf test rmse: 0.7777
rf test cliff rmse: 1.0465
rf test pcc: 0.6989
Total number of ground_truth explanations 8
rf direction score:  0.5
Fold 3
best N_TREES: 0100
best val rmse: 0.000000
rf test rmse: 0.8070
rf test cliff rmse: 1.0314
rf test pcc: 0.6685
Total number of ground_truth explanations 8
rf direction score:  0.5
Fold 4
best N_TREES: 0100
best val rmse: 0.000000
rf test rmse: 0.7837
rf test cliff rmse: 1.0083
rf test pcc: 0.6950
Total number of ground_truth explanations 8
rf direction score:  0.5
Fold 5
best N_TREES: 0100
best val rmse: 0.000000
rf test rmse: 0.7788
rf test cliff rmse: 1.0998
rf test pcc: 0.6974
Total number of ground_truth explanations 8
rf direction score:  0.5
Fold 6
best N_TREES: 0100
best val rmse: 0.000000
rf test rmse: 0.7838
rf test cliff rmse: 1.0089
rf test pcc: 0.6947
Total number of ground_truth explanations 8
rf direction score:  0.375
Fold 7
best N_TREES: 0100
best val rmse: 0.000000
rf test rmse: 0.7785
rf test cliff rmse: 1.0144
rf test pcc: 0.6967
Total number of ground_truth explanations 8
rf direction score:  0.5
Fold 8
best N_TREES: 0100
best val rmse: 0.000000
rf test rmse: 0.7930
rf test cliff rmse: 1.0159
rf test pcc: 0.6826
Total number of ground_truth explanations 8
rf direction score:  0.625
Fold 9
best N_TREES: 0100
best val rmse: 0.000000
rf test rmse: 0.7647
rf test cliff rmse: 1.0012
rf test pcc: 0.7134
Total number of ground_truth explanations 8
rf direction score:  0.625
CHEMBL4203_Ki ==> rf_test_score rmse = 0.786503 +/- 0.012086
Seed 42 ==> rf_test_score rmse = 0.799067
Seed 43 ==> rf_test_score rmse = 0.798753
Seed 44 ==> rf_test_score rmse = 0.777692
Seed 45 ==> rf_test_score rmse = 0.807032
Seed 46 ==> rf_test_score rmse = 0.783658
Seed 47 ==> rf_test_score rmse = 0.778827
Seed 48 ==> rf_test_score rmse = 0.783830
Seed 49 ==> rf_test_score rmse = 0.778463
Seed 50 ==> rf_test_score rmse = 0.792956
Seed 51 ==> rf_test_score rmse = 0.764748
CHEMBL4203_Ki ==> rf_test_cliff_score rmse = 1.030459 +/- 0.028622
Seed 42 ==> rf_test_cliff_score rmse = 1.020357
Seed 43 ==> rf_test_cliff_score rmse = 1.057815
Seed 44 ==> rf_test_cliff_score rmse = 1.046466
Seed 45 ==> rf_test_cliff_score rmse = 1.031405
Seed 46 ==> rf_test_cliff_score rmse = 1.008336
Seed 47 ==> rf_test_cliff_score rmse = 1.099775
Seed 48 ==> rf_test_cliff_score rmse = 1.008914
Seed 49 ==> rf_test_cliff_score rmse = 1.014428
Seed 50 ==> rf_test_cliff_score rmse = 1.015923
Seed 51 ==> rf_test_cliff_score rmse = 1.001168
CHEMBL4203_Ki ==> rf_direction_score  = 0.512500 +/- 0.067315
Seed 42 ==> rf_direction_score  = 0.500000
Seed 43 ==> rf_direction_score  = 0.500000
Seed 44 ==> rf_direction_score  = 0.500000
Seed 45 ==> rf_direction_score  = 0.500000
Seed 46 ==> rf_direction_score  = 0.500000
Seed 47 ==> rf_direction_score  = 0.500000
Seed 48 ==> rf_direction_score  = 0.375000
Seed 49 ==> rf_direction_score  = 0.500000
Seed 50 ==> rf_direction_score  = 0.625000
Seed 51 ==> rf_direction_score  = 0.625000
args: Namespace(seed=42, gpu=None, save_dir='./Benchmark_Data/CHEMBL4203_Ki', save_checkpoints=False, checkpoint_path=None, config_dir='./configs', data_path='Benchmark_Data', dataset='CHEMBL4203_Ki', threshold=0.9, mode='cross_validation', num_classes=1, split=[0.8, 0.1, 0.1], metric='rmse', minimize_score=True, max_evals=50, hpt_patience=10, use_gnn_opt_params=False, use_opt_xweight=False, tune_type='grid_search', num_folds=10, save_fold=False, show_individual_scores=True, conv_name='nn', num_layers=3, hidden_dim=64, pool='mean', attribute_to_last_layer=True, dropout_rate=0.0, epochs=300, early_stop_epoch=100, batch_size=2, lr=0.0003, weight_decay=0.0, factor=0.9, patience=10, min_lr=1e-07, opt_goal='MSE', loss='MSE+direction', com_loss_weight=0.02, uncom_loss_weight=0.02, normalize=False)
