Number of Jobs:  40
Loading dataset CHEMBL231_Ki from Benchmark_Data/CHEMBL231_Ki/CHEMBL231_Ki.csv
Loaded Benchmark_Data/CHEMBL231_Ki/mcs_dict_0.9.pkl
  0%|          | 0/973 [00:00<?, ?it/s]  6%|▌         | 60/973 [00:00<00:01, 597.94it/s] 13%|█▎        | 126/973 [00:00<00:01, 629.60it/s] 19%|█▉        | 189/973 [00:00<00:01, 609.28it/s] 26%|██▌       | 250/973 [00:00<00:01, 579.78it/s] 32%|███▏      | 310/973 [00:00<00:01, 585.51it/s] 39%|███▊      | 377/973 [00:00<00:00, 612.96it/s] 46%|████▌     | 447/973 [00:00<00:00, 640.28it/s] 53%|█████▎    | 512/973 [00:00<00:00, 633.69it/s] 59%|█████▉    | 576/973 [00:00<00:00, 631.34it/s] 66%|██████▌   | 644/973 [00:01<00:00, 645.79it/s] 73%|███████▎  | 709/973 [00:01<00:00, 609.09it/s] 79%|███████▉  | 771/973 [00:01<00:00, 583.40it/s] 86%|████████▌ | 835/973 [00:01<00:00, 599.08it/s] 92%|█████████▏| 899/973 [00:01<00:00, 610.45it/s] 99%|█████████▉| 961/973 [00:01<00:00, 613.02it/s]100%|██████████| 973/973 [00:01<00:00, 612.44it/s]
Fold 0
best N_TREES: 0100
best val rmse: 0.000000
rf test rmse: 0.7873
rf test cliff rmse: 0.6808
rf test pcc: 0.7946
Total number of ground_truth explanations 45
rf direction score:  0.7555555555555555
Fold 1
best N_TREES: 0100
best val rmse: 0.000000
rf test rmse: 0.8006
rf test cliff rmse: 0.6851
rf test pcc: 0.7863
Total number of ground_truth explanations 45
rf direction score:  0.7555555555555555
Fold 2
best N_TREES: 0100
best val rmse: 0.000000
rf test rmse: 0.7936
rf test cliff rmse: 0.6936
rf test pcc: 0.7909
Total number of ground_truth explanations 45
rf direction score:  0.6666666666666666
Fold 3
best N_TREES: 0100
best val rmse: 0.000000
rf test rmse: 0.7931
rf test cliff rmse: 0.6708
rf test pcc: 0.7909
Total number of ground_truth explanations 45
rf direction score:  0.7111111111111111
Fold 4
best N_TREES: 0100
best val rmse: 0.000000
rf test rmse: 0.8035
rf test cliff rmse: 0.7044
rf test pcc: 0.7849
Total number of ground_truth explanations 45
rf direction score:  0.7333333333333333
Fold 5
best N_TREES: 0100
best val rmse: 0.000000
rf test rmse: 0.8101
rf test cliff rmse: 0.7106
rf test pcc: 0.7813
Total number of ground_truth explanations 45
rf direction score:  0.7111111111111111
Fold 6
best N_TREES: 0100
best val rmse: 0.000000
rf test rmse: 0.7853
rf test cliff rmse: 0.6595
rf test pcc: 0.7956
Total number of ground_truth explanations 45
rf direction score:  0.7777777777777778
Fold 7
best N_TREES: 0100
best val rmse: 0.000000
rf test rmse: 0.7886
rf test cliff rmse: 0.7012
rf test pcc: 0.7942
Total number of ground_truth explanations 45
rf direction score:  0.6222222222222222
Fold 8
best N_TREES: 0100
best val rmse: 0.000000
rf test rmse: 0.8016
rf test cliff rmse: 0.6907
rf test pcc: 0.7857
Total number of ground_truth explanations 45
rf direction score:  0.7555555555555555
Fold 9
best N_TREES: 0100
best val rmse: 0.000000
rf test rmse: 0.8158
rf test cliff rmse: 0.7071
rf test pcc: 0.7773
Total number of ground_truth explanations 45
rf direction score:  0.6888888888888889
CHEMBL231_Ki ==> rf_test_score rmse = 0.797976 +/- 0.009596
Seed 42 ==> rf_test_score rmse = 0.787314
Seed 43 ==> rf_test_score rmse = 0.800628
Seed 44 ==> rf_test_score rmse = 0.793584
Seed 45 ==> rf_test_score rmse = 0.793122
Seed 46 ==> rf_test_score rmse = 0.803532
Seed 47 ==> rf_test_score rmse = 0.810147
Seed 48 ==> rf_test_score rmse = 0.785346
Seed 49 ==> rf_test_score rmse = 0.788649
Seed 50 ==> rf_test_score rmse = 0.801617
Seed 51 ==> rf_test_score rmse = 0.815824
CHEMBL231_Ki ==> rf_test_cliff_score rmse = 0.690375 +/- 0.015720
Seed 42 ==> rf_test_cliff_score rmse = 0.680765
Seed 43 ==> rf_test_cliff_score rmse = 0.685055
Seed 44 ==> rf_test_cliff_score rmse = 0.693632
Seed 45 ==> rf_test_cliff_score rmse = 0.670787
Seed 46 ==> rf_test_cliff_score rmse = 0.704390
Seed 47 ==> rf_test_cliff_score rmse = 0.710578
Seed 48 ==> rf_test_cliff_score rmse = 0.659495
Seed 49 ==> rf_test_cliff_score rmse = 0.701200
Seed 50 ==> rf_test_cliff_score rmse = 0.690713
Seed 51 ==> rf_test_cliff_score rmse = 0.707133
CHEMBL231_Ki ==> rf_direction_score  = 0.717778 +/- 0.045596
Seed 42 ==> rf_direction_score  = 0.755556
Seed 43 ==> rf_direction_score  = 0.755556
Seed 44 ==> rf_direction_score  = 0.666667
Seed 45 ==> rf_direction_score  = 0.711111
Seed 46 ==> rf_direction_score  = 0.733333
Seed 47 ==> rf_direction_score  = 0.711111
Seed 48 ==> rf_direction_score  = 0.777778
Seed 49 ==> rf_direction_score  = 0.622222
Seed 50 ==> rf_direction_score  = 0.755556
Seed 51 ==> rf_direction_score  = 0.688889
args: Namespace(seed=42, gpu=None, save_dir='./Benchmark_Data/CHEMBL231_Ki', save_checkpoints=False, checkpoint_path=None, config_dir='./configs', data_path='Benchmark_Data', dataset='CHEMBL231_Ki', threshold=0.9, mode='cross_validation', num_classes=1, split=[0.8, 0.1, 0.1], metric='rmse', minimize_score=True, max_evals=50, hpt_patience=10, use_gnn_opt_params=False, use_opt_xweight=False, tune_type='grid_search', num_folds=10, save_fold=False, show_individual_scores=True, conv_name='nn', num_layers=3, hidden_dim=64, pool='mean', attribute_to_last_layer=True, dropout_rate=0.0, epochs=300, early_stop_epoch=100, batch_size=2, lr=0.0003, weight_decay=0.0, factor=0.9, patience=10, min_lr=1e-07, opt_goal='MSE', loss='MSE+direction', com_loss_weight=0.02, uncom_loss_weight=0.02, normalize=False)
