Number of Jobs:  40
Loading dataset CHEMBL1871_Ki from Benchmark_Data/CHEMBL1871_Ki/CHEMBL1871_Ki.csv
Loaded Benchmark_Data/CHEMBL1871_Ki/mcs_dict_0.9.pkl
  0%|          | 0/659 [00:00<?, ?it/s] 11%|█         | 71/659 [00:00<00:00, 707.47it/s] 22%|██▏       | 147/659 [00:00<00:00, 733.63it/s] 34%|███▎      | 221/659 [00:00<00:00, 632.47it/s] 46%|████▌     | 301/659 [00:00<00:00, 691.28it/s] 56%|█████▋    | 372/659 [00:00<00:00, 688.23it/s] 67%|██████▋   | 442/659 [00:00<00:00, 687.17it/s] 78%|███████▊  | 512/659 [00:00<00:00, 658.12it/s] 88%|████████▊ | 579/659 [00:01<00:00, 426.35it/s] 98%|█████████▊| 643/659 [00:01<00:00, 471.66it/s]100%|██████████| 659/659 [00:01<00:00, 561.78it/s]
Fold 0
best N_TREES: 0100
best val rmse: 0.000000
rf test rmse: 0.6480
rf test cliff rmse: 0.8047
rf test pcc: 0.8467
Total number of ground_truth explanations 31
rf direction score:  0.7741935483870968
Fold 1
best N_TREES: 0100
best val rmse: 0.000000
rf test rmse: 0.6504
rf test cliff rmse: 0.7924
rf test pcc: 0.8464
Total number of ground_truth explanations 31
rf direction score:  0.8387096774193549
Fold 2
best N_TREES: 0100
best val rmse: 0.000000
rf test rmse: 0.6460
rf test cliff rmse: 0.7920
rf test pcc: 0.8494
Total number of ground_truth explanations 31
rf direction score:  0.8387096774193549
Fold 3
best N_TREES: 0100
best val rmse: 0.000000
rf test rmse: 0.6577
rf test cliff rmse: 0.8193
rf test pcc: 0.8410
Total number of ground_truth explanations 31
rf direction score:  0.7096774193548387
Fold 4
best N_TREES: 0100
best val rmse: 0.000000
rf test rmse: 0.6640
rf test cliff rmse: 0.8169
rf test pcc: 0.8345
Total number of ground_truth explanations 31
rf direction score:  0.7096774193548387
Fold 5
best N_TREES: 0100
best val rmse: 0.000000
rf test rmse: 0.6610
rf test cliff rmse: 0.8216
rf test pcc: 0.8360
Total number of ground_truth explanations 31
rf direction score:  0.6451612903225806
Fold 6
best N_TREES: 0100
best val rmse: 0.000000
rf test rmse: 0.6515
rf test cliff rmse: 0.8057
rf test pcc: 0.8459
Total number of ground_truth explanations 31
rf direction score:  0.6451612903225806
Fold 7
best N_TREES: 0100
best val rmse: 0.000000
rf test rmse: 0.6570
rf test cliff rmse: 0.8112
rf test pcc: 0.8385
Total number of ground_truth explanations 31
rf direction score:  0.7096774193548387
Fold 8
best N_TREES: 0100
best val rmse: 0.000000
rf test rmse: 0.6633
rf test cliff rmse: 0.8271
rf test pcc: 0.8332
Total number of ground_truth explanations 31
rf direction score:  0.7096774193548387
Fold 9
best N_TREES: 0100
best val rmse: 0.000000
rf test rmse: 0.6421
rf test cliff rmse: 0.8043
rf test pcc: 0.8507
Total number of ground_truth explanations 31
rf direction score:  0.7096774193548387
CHEMBL1871_Ki ==> rf_test_score rmse = 0.654102 +/- 0.007202
Seed 42 ==> rf_test_score rmse = 0.647988
Seed 43 ==> rf_test_score rmse = 0.650419
Seed 44 ==> rf_test_score rmse = 0.645995
Seed 45 ==> rf_test_score rmse = 0.657665
Seed 46 ==> rf_test_score rmse = 0.664015
Seed 47 ==> rf_test_score rmse = 0.661040
Seed 48 ==> rf_test_score rmse = 0.651515
Seed 49 ==> rf_test_score rmse = 0.657011
Seed 50 ==> rf_test_score rmse = 0.663265
Seed 51 ==> rf_test_score rmse = 0.642109
CHEMBL1871_Ki ==> rf_test_cliff_score rmse = 0.809512 +/- 0.011296
Seed 42 ==> rf_test_cliff_score rmse = 0.804710
Seed 43 ==> rf_test_cliff_score rmse = 0.792359
Seed 44 ==> rf_test_cliff_score rmse = 0.791985
Seed 45 ==> rf_test_cliff_score rmse = 0.819322
Seed 46 ==> rf_test_cliff_score rmse = 0.816858
Seed 47 ==> rf_test_cliff_score rmse = 0.821594
Seed 48 ==> rf_test_cliff_score rmse = 0.805651
Seed 49 ==> rf_test_cliff_score rmse = 0.811189
Seed 50 ==> rf_test_cliff_score rmse = 0.827136
Seed 51 ==> rf_test_cliff_score rmse = 0.804316
CHEMBL1871_Ki ==> rf_direction_score  = 0.729032 +/- 0.064838
Seed 42 ==> rf_direction_score  = 0.774194
Seed 43 ==> rf_direction_score  = 0.838710
Seed 44 ==> rf_direction_score  = 0.838710
Seed 45 ==> rf_direction_score  = 0.709677
Seed 46 ==> rf_direction_score  = 0.709677
Seed 47 ==> rf_direction_score  = 0.645161
Seed 48 ==> rf_direction_score  = 0.645161
Seed 49 ==> rf_direction_score  = 0.709677
Seed 50 ==> rf_direction_score  = 0.709677
Seed 51 ==> rf_direction_score  = 0.709677
args: Namespace(seed=42, gpu=None, save_dir='./Benchmark_Data/CHEMBL1871_Ki', save_checkpoints=False, checkpoint_path=None, config_dir='./configs', data_path='Benchmark_Data', dataset='CHEMBL1871_Ki', threshold=0.9, mode='cross_validation', num_classes=1, split=[0.8, 0.1, 0.1], metric='rmse', minimize_score=True, max_evals=50, hpt_patience=10, use_gnn_opt_params=False, use_opt_xweight=False, tune_type='grid_search', num_folds=10, save_fold=False, show_individual_scores=True, conv_name='nn', num_layers=3, hidden_dim=64, pool='mean', attribute_to_last_layer=True, dropout_rate=0.0, epochs=300, early_stop_epoch=100, batch_size=2, lr=0.0003, weight_decay=0.0, factor=0.9, patience=10, min_lr=1e-07, opt_goal='MSE', loss='MSE+direction', com_loss_weight=0.02, uncom_loss_weight=0.02, normalize=False)
