Number of Jobs:  40
Loading dataset CHEMBL4616_EC50 from Benchmark_Data/CHEMBL4616_EC50/CHEMBL4616_EC50.csv
Loaded Benchmark_Data/CHEMBL4616_EC50/mcs_dict_0.9.pkl
  0%|          | 0/682 [00:00<?, ?it/s]  5%|▍         | 34/682 [00:00<00:01, 334.63it/s] 12%|█▏        | 85/682 [00:00<00:01, 436.74it/s] 20%|██        | 139/682 [00:00<00:01, 481.20it/s] 28%|██▊       | 188/682 [00:00<00:01, 483.13it/s] 35%|███▌      | 242/682 [00:00<00:00, 503.46it/s] 44%|████▍     | 300/682 [00:00<00:00, 528.31it/s] 52%|█████▏    | 357/682 [00:00<00:00, 536.34it/s] 60%|██████    | 411/682 [00:00<00:00, 517.93it/s] 69%|██████▊   | 468/682 [00:00<00:00, 532.64it/s] 77%|███████▋  | 525/682 [00:01<00:00, 543.79it/s] 85%|████████▌ | 580/682 [00:01<00:00, 446.75it/s] 93%|█████████▎| 632/682 [00:01<00:00, 464.45it/s]100%|█████████▉| 681/682 [00:01<00:00, 383.69it/s]100%|██████████| 682/682 [00:01<00:00, 459.93it/s]
Fold 0
best N_TREES: 0100
best val rmse: 0.000000
rf test rmse: 0.6122
rf test cliff rmse: 0.6305
rf test pcc: 0.7103
Total number of ground_truth explanations 250
rf direction score:  0.928
Fold 1
best N_TREES: 0100
best val rmse: 0.000000
rf test rmse: 0.6157
rf test cliff rmse: 0.6419
rf test pcc: 0.7071
Total number of ground_truth explanations 250
rf direction score:  0.948
Fold 2
best N_TREES: 0100
best val rmse: 0.000000
rf test rmse: 0.6109
rf test cliff rmse: 0.6504
rf test pcc: 0.7140
Total number of ground_truth explanations 250
rf direction score:  0.916
Fold 3
best N_TREES: 0100
best val rmse: 0.000000
rf test rmse: 0.6152
rf test cliff rmse: 0.6479
rf test pcc: 0.7097
Total number of ground_truth explanations 250
rf direction score:  0.932
Fold 4
best N_TREES: 0100
best val rmse: 0.000000
rf test rmse: 0.6245
rf test cliff rmse: 0.6438
rf test pcc: 0.6959
Total number of ground_truth explanations 250
rf direction score:  0.944
Fold 5
best N_TREES: 0100
best val rmse: 0.000000
rf test rmse: 0.6124
rf test cliff rmse: 0.6434
rf test pcc: 0.7124
Total number of ground_truth explanations 250
rf direction score:  0.944
Fold 6
best N_TREES: 0100
best val rmse: 0.000000
rf test rmse: 0.6069
rf test cliff rmse: 0.6340
rf test pcc: 0.7168
Total number of ground_truth explanations 250
rf direction score:  0.948
Fold 7
best N_TREES: 0100
best val rmse: 0.000000
rf test rmse: 0.5928
rf test cliff rmse: 0.6343
rf test pcc: 0.7313
Total number of ground_truth explanations 250
rf direction score:  0.944
Fold 8
best N_TREES: 0100
best val rmse: 0.000000
rf test rmse: 0.6148
rf test cliff rmse: 0.6382
rf test pcc: 0.7100
Total number of ground_truth explanations 250
rf direction score:  0.94
Fold 9
best N_TREES: 0100
best val rmse: 0.000000
rf test rmse: 0.6045
rf test cliff rmse: 0.6358
rf test pcc: 0.7180
Total number of ground_truth explanations 250
rf direction score:  0.952
CHEMBL4616_EC50 ==> rf_test_score rmse = 0.610998 +/- 0.007925
Seed 42 ==> rf_test_score rmse = 0.612225
Seed 43 ==> rf_test_score rmse = 0.615692
Seed 44 ==> rf_test_score rmse = 0.610918
Seed 45 ==> rf_test_score rmse = 0.615249
Seed 46 ==> rf_test_score rmse = 0.624467
Seed 47 ==> rf_test_score rmse = 0.612396
Seed 48 ==> rf_test_score rmse = 0.606875
Seed 49 ==> rf_test_score rmse = 0.592832
Seed 50 ==> rf_test_score rmse = 0.614787
Seed 51 ==> rf_test_score rmse = 0.604544
CHEMBL4616_EC50 ==> rf_test_cliff_score rmse = 0.640039 +/- 0.006156
Seed 42 ==> rf_test_cliff_score rmse = 0.630526
Seed 43 ==> rf_test_cliff_score rmse = 0.641941
Seed 44 ==> rf_test_cliff_score rmse = 0.650438
Seed 45 ==> rf_test_cliff_score rmse = 0.647861
Seed 46 ==> rf_test_cliff_score rmse = 0.643804
Seed 47 ==> rf_test_cliff_score rmse = 0.643426
Seed 48 ==> rf_test_cliff_score rmse = 0.634001
Seed 49 ==> rf_test_cliff_score rmse = 0.634334
Seed 50 ==> rf_test_cliff_score rmse = 0.638219
Seed 51 ==> rf_test_cliff_score rmse = 0.635843
CHEMBL4616_EC50 ==> rf_direction_score  = 0.939600 +/- 0.010500
Seed 42 ==> rf_direction_score  = 0.928000
Seed 43 ==> rf_direction_score  = 0.948000
Seed 44 ==> rf_direction_score  = 0.916000
Seed 45 ==> rf_direction_score  = 0.932000
Seed 46 ==> rf_direction_score  = 0.944000
Seed 47 ==> rf_direction_score  = 0.944000
Seed 48 ==> rf_direction_score  = 0.948000
Seed 49 ==> rf_direction_score  = 0.944000
Seed 50 ==> rf_direction_score  = 0.940000
Seed 51 ==> rf_direction_score  = 0.952000
args: Namespace(seed=42, gpu=None, save_dir='./Benchmark_Data/CHEMBL4616_EC50', save_checkpoints=False, checkpoint_path=None, config_dir='./configs', data_path='Benchmark_Data', dataset='CHEMBL4616_EC50', threshold=0.9, mode='cross_validation', num_classes=1, split=[0.8, 0.1, 0.1], metric='rmse', minimize_score=True, max_evals=50, hpt_patience=10, use_gnn_opt_params=False, use_opt_xweight=False, tune_type='grid_search', num_folds=10, save_fold=False, show_individual_scores=True, conv_name='nn', num_layers=3, hidden_dim=64, pool='mean', attribute_to_last_layer=True, dropout_rate=0.0, epochs=300, early_stop_epoch=100, batch_size=2, lr=0.0003, weight_decay=0.0, factor=0.9, patience=10, min_lr=1e-07, opt_goal='MSE', loss='MSE+direction', com_loss_weight=0.02, uncom_loss_weight=0.02, normalize=False)
