Number of Jobs:  40
Loading dataset CHEMBL287_Ki from Benchmark_Data/CHEMBL287_Ki/CHEMBL287_Ki.csv
Loaded Benchmark_Data/CHEMBL287_Ki/mcs_dict_0.9.pkl
  0%|          | 0/1328 [00:00<?, ?it/s]  5%|▍         | 61/1328 [00:00<00:02, 602.27it/s] 10%|█         | 133/1328 [00:00<00:01, 667.32it/s] 16%|█▌        | 208/1328 [00:00<00:01, 700.59it/s] 21%|██        | 279/1328 [00:00<00:01, 701.54it/s] 27%|██▋       | 356/1328 [00:00<00:01, 726.01it/s] 33%|███▎      | 435/1328 [00:00<00:01, 745.13it/s] 38%|███▊      | 510/1328 [00:00<00:01, 739.94it/s] 44%|████▍     | 585/1328 [00:00<00:01, 740.50it/s] 50%|█████     | 667/1328 [00:00<00:00, 763.32it/s] 56%|█████▌    | 744/1328 [00:01<00:00, 737.64it/s] 62%|██████▏   | 818/1328 [00:01<00:00, 730.90it/s] 67%|██████▋   | 892/1328 [00:01<00:00, 723.26it/s] 73%|███████▎  | 965/1328 [00:01<00:00, 707.65it/s] 78%|███████▊  | 1040/1328 [00:01<00:00, 719.75it/s] 84%|████████▍ | 1113/1328 [00:01<00:00, 714.89it/s] 89%|████████▉ | 1185/1328 [00:01<00:00, 716.28it/s] 95%|█████████▍| 1257/1328 [00:01<00:00, 695.46it/s]100%|█████████▉| 1327/1328 [00:01<00:00, 676.39it/s]100%|██████████| 1328/1328 [00:01<00:00, 711.65it/s]
Fold 0
best N_TREES: 0100
best val rmse: 0.000000
rf test rmse: 0.7508
rf test cliff rmse: 0.7838
rf test pcc: 0.6797
Total number of ground_truth explanations 134
rf direction score:  0.8134328358208955
Fold 1
best N_TREES: 0100
best val rmse: 0.000000
rf test rmse: 0.7370
rf test cliff rmse: 0.7733
rf test pcc: 0.6928
Total number of ground_truth explanations 134
rf direction score:  0.8283582089552238
Fold 2
best N_TREES: 0100
best val rmse: 0.000000
rf test rmse: 0.7497
rf test cliff rmse: 0.7763
rf test pcc: 0.6818
Total number of ground_truth explanations 134
rf direction score:  0.835820895522388
Fold 3
best N_TREES: 0100
best val rmse: 0.000000
rf test rmse: 0.7391
rf test cliff rmse: 0.7850
rf test pcc: 0.6908
Total number of ground_truth explanations 134
rf direction score:  0.8134328358208955
Fold 4
best N_TREES: 0100
best val rmse: 0.000000
rf test rmse: 0.7463
rf test cliff rmse: 0.7695
rf test pcc: 0.6840
Total number of ground_truth explanations 134
rf direction score:  0.8283582089552238
Fold 5
best N_TREES: 0100
best val rmse: 0.000000
rf test rmse: 0.7357
rf test cliff rmse: 0.7822
rf test pcc: 0.6949
Total number of ground_truth explanations 134
rf direction score:  0.8283582089552238
Fold 6
best N_TREES: 0100
best val rmse: 0.000000
rf test rmse: 0.7495
rf test cliff rmse: 0.7721
rf test pcc: 0.6820
Total number of ground_truth explanations 134
rf direction score:  0.7985074626865671
Fold 7
best N_TREES: 0100
best val rmse: 0.000000
rf test rmse: 0.7615
rf test cliff rmse: 0.7756
rf test pcc: 0.6694
Total number of ground_truth explanations 134
rf direction score:  0.7910447761194029
Fold 8
best N_TREES: 0100
best val rmse: 0.000000
rf test rmse: 0.7489
rf test cliff rmse: 0.7866
rf test pcc: 0.6826
Total number of ground_truth explanations 134
rf direction score:  0.8432835820895522
Fold 9
best N_TREES: 0100
best val rmse: 0.000000
rf test rmse: 0.7467
rf test cliff rmse: 0.7680
rf test pcc: 0.6839
Total number of ground_truth explanations 134
rf direction score:  0.8582089552238806
CHEMBL287_Ki ==> rf_test_score rmse = 0.746506 +/- 0.007292
Seed 42 ==> rf_test_score rmse = 0.750763
Seed 43 ==> rf_test_score rmse = 0.736954
Seed 44 ==> rf_test_score rmse = 0.749656
Seed 45 ==> rf_test_score rmse = 0.739054
Seed 46 ==> rf_test_score rmse = 0.746289
Seed 47 ==> rf_test_score rmse = 0.735738
Seed 48 ==> rf_test_score rmse = 0.749464
Seed 49 ==> rf_test_score rmse = 0.761544
Seed 50 ==> rf_test_score rmse = 0.748946
Seed 51 ==> rf_test_score rmse = 0.746655
CHEMBL287_Ki ==> rf_test_cliff_score rmse = 0.777257 +/- 0.006365
Seed 42 ==> rf_test_cliff_score rmse = 0.783786
Seed 43 ==> rf_test_cliff_score rmse = 0.773332
Seed 44 ==> rf_test_cliff_score rmse = 0.776331
Seed 45 ==> rf_test_cliff_score rmse = 0.785037
Seed 46 ==> rf_test_cliff_score rmse = 0.769548
Seed 47 ==> rf_test_cliff_score rmse = 0.782155
Seed 48 ==> rf_test_cliff_score rmse = 0.772120
Seed 49 ==> rf_test_cliff_score rmse = 0.775570
Seed 50 ==> rf_test_cliff_score rmse = 0.786646
Seed 51 ==> rf_test_cliff_score rmse = 0.768044
CHEMBL287_Ki ==> rf_direction_score  = 0.823881 +/- 0.019230
Seed 42 ==> rf_direction_score  = 0.813433
Seed 43 ==> rf_direction_score  = 0.828358
Seed 44 ==> rf_direction_score  = 0.835821
Seed 45 ==> rf_direction_score  = 0.813433
Seed 46 ==> rf_direction_score  = 0.828358
Seed 47 ==> rf_direction_score  = 0.828358
Seed 48 ==> rf_direction_score  = 0.798507
Seed 49 ==> rf_direction_score  = 0.791045
Seed 50 ==> rf_direction_score  = 0.843284
Seed 51 ==> rf_direction_score  = 0.858209
args: Namespace(seed=42, gpu=None, save_dir='./Benchmark_Data/CHEMBL287_Ki', save_checkpoints=False, checkpoint_path=None, config_dir='./configs', data_path='Benchmark_Data', dataset='CHEMBL287_Ki', threshold=0.9, mode='cross_validation', num_classes=1, split=[0.8, 0.1, 0.1], metric='rmse', minimize_score=True, max_evals=50, hpt_patience=10, use_gnn_opt_params=False, use_opt_xweight=False, tune_type='grid_search', num_folds=10, save_fold=False, show_individual_scores=True, conv_name='nn', num_layers=3, hidden_dim=64, pool='mean', attribute_to_last_layer=True, dropout_rate=0.0, epochs=300, early_stop_epoch=100, batch_size=2, lr=0.0003, weight_decay=0.0, factor=0.9, patience=10, min_lr=1e-07, opt_goal='MSE', loss='MSE+direction', com_loss_weight=0.02, uncom_loss_weight=0.02, normalize=False)
