Number of Jobs:  40
Loading dataset CHEMBL1862_Ki from Benchmark_Data/CHEMBL1862_Ki/CHEMBL1862_Ki.csv
Loaded Benchmark_Data/CHEMBL1862_Ki/mcs_dict_0.9.pkl
  0%|          | 0/794 [00:00<?, ?it/s]  8%|▊         | 63/794 [00:00<00:01, 625.14it/s] 16%|█▋        | 131/794 [00:00<00:01, 653.14it/s] 25%|██▍       | 197/794 [00:00<00:00, 636.18it/s] 33%|███▎      | 263/794 [00:00<00:00, 642.41it/s] 41%|████▏     | 328/794 [00:00<00:00, 642.48it/s] 49%|████▉     | 393/794 [00:00<00:00, 633.26it/s] 58%|█████▊    | 460/794 [00:00<00:00, 641.97it/s] 67%|██████▋   | 530/794 [00:00<00:00, 659.57it/s] 75%|███████▌  | 597/794 [00:00<00:00, 659.44it/s] 84%|████████▎ | 663/794 [00:01<00:00, 641.78it/s] 92%|█████████▏| 728/794 [00:01<00:00, 636.70it/s]100%|█████████▉| 792/794 [00:01<00:00, 629.54it/s]100%|██████████| 794/794 [00:01<00:00, 639.84it/s]
Fold 0
best N_TREES: 0100
best val rmse: 0.000000
rf test rmse: 0.7401
rf test cliff rmse: 0.7524
rf test pcc: 0.8928
Total number of ground_truth explanations 190
rf direction score:  0.8052631578947368
Fold 1
best N_TREES: 0100
best val rmse: 0.000000
rf test rmse: 0.7768
rf test cliff rmse: 0.6284
rf test pcc: 0.8806
Total number of ground_truth explanations 153
rf direction score:  0.954248366013072
Fold 2
best N_TREES: 0100
best val rmse: 0.000000
rf test rmse: 0.7709
rf test cliff rmse: 0.6611
rf test pcc: 0.8587
Total number of ground_truth explanations 101
rf direction score:  0.8316831683168316
Fold 3
best N_TREES: 0100
best val rmse: 0.000000
rf test rmse: 0.6025
rf test cliff rmse: 0.7726
rf test pcc: 0.9078
Total number of ground_truth explanations 149
rf direction score:  0.697986577181208
Fold 4
best N_TREES: 0100
best val rmse: 0.000000
rf test rmse: 0.7283
rf test cliff rmse: 0.8164
rf test pcc: 0.8634
Total number of ground_truth explanations 141
rf direction score:  0.8156028368794326
Fold 5
best N_TREES: 0100
best val rmse: 0.000000
rf test rmse: 0.7850
rf test cliff rmse: 0.7477
rf test pcc: 0.8560
Total number of ground_truth explanations 117
rf direction score:  0.8803418803418803
Fold 6
best N_TREES: 0100
best val rmse: 0.000000
rf test rmse: 0.7783
rf test cliff rmse: 0.6427
rf test pcc: 0.8617
Total number of ground_truth explanations 139
rf direction score:  0.9064748201438849
Fold 7
best N_TREES: 0100
best val rmse: 0.000000
rf test rmse: 0.7727
rf test cliff rmse: 0.6535
rf test pcc: 0.8579
Total number of ground_truth explanations 173
rf direction score:  0.8497109826589595
Fold 8
best N_TREES: 0100
best val rmse: 0.000000
rf test rmse: 0.8157
rf test cliff rmse: 0.7280
rf test pcc: 0.8285
Total number of ground_truth explanations 144
rf direction score:  0.9444444444444444
Fold 9
best N_TREES: 0100
best val rmse: 0.000000
rf test rmse: 0.7769
rf test cliff rmse: 0.7196
rf test pcc: 0.8827
Total number of ground_truth explanations 129
rf direction score:  0.9224806201550387
CHEMBL1862_Ki ==> rf_test_score rmse = 0.754719 +/- 0.055526
Seed 42 ==> rf_test_score rmse = 0.740110
Seed 43 ==> rf_test_score rmse = 0.776785
Seed 44 ==> rf_test_score rmse = 0.770896
Seed 45 ==> rf_test_score rmse = 0.602524
Seed 46 ==> rf_test_score rmse = 0.728265
Seed 47 ==> rf_test_score rmse = 0.784999
Seed 48 ==> rf_test_score rmse = 0.778278
Seed 49 ==> rf_test_score rmse = 0.772712
Seed 50 ==> rf_test_score rmse = 0.815689
Seed 51 ==> rf_test_score rmse = 0.776934
CHEMBL1862_Ki ==> rf_test_cliff_score rmse = 0.712238 +/- 0.059653
Seed 42 ==> rf_test_cliff_score rmse = 0.752388
Seed 43 ==> rf_test_cliff_score rmse = 0.628429
Seed 44 ==> rf_test_cliff_score rmse = 0.661067
Seed 45 ==> rf_test_cliff_score rmse = 0.772646
Seed 46 ==> rf_test_cliff_score rmse = 0.816371
Seed 47 ==> rf_test_cliff_score rmse = 0.747678
Seed 48 ==> rf_test_cliff_score rmse = 0.642702
Seed 49 ==> rf_test_cliff_score rmse = 0.653545
Seed 50 ==> rf_test_cliff_score rmse = 0.727992
Seed 51 ==> rf_test_cliff_score rmse = 0.719567
CHEMBL1862_Ki ==> rf_direction_score  = 0.860824 +/- 0.073897
Seed 42 ==> rf_direction_score  = 0.805263
Seed 43 ==> rf_direction_score  = 0.954248
Seed 44 ==> rf_direction_score  = 0.831683
Seed 45 ==> rf_direction_score  = 0.697987
Seed 46 ==> rf_direction_score  = 0.815603
Seed 47 ==> rf_direction_score  = 0.880342
Seed 48 ==> rf_direction_score  = 0.906475
Seed 49 ==> rf_direction_score  = 0.849711
Seed 50 ==> rf_direction_score  = 0.944444
Seed 51 ==> rf_direction_score  = 0.922481
args: Namespace(seed=42, gpu=None, save_dir='./Benchmark_Data/CHEMBL1862_Ki', save_checkpoints=False, checkpoint_path=None, config_dir='./configs', data_path='Benchmark_Data', dataset='CHEMBL1862_Ki', threshold=0.9, mode='cross_validation', num_classes=1, split=[0.8, 0.1, 0.1], metric='rmse', minimize_score=True, max_evals=50, hpt_patience=10, use_gnn_opt_params=False, use_opt_xweight=False, tune_type='grid_search', num_folds=10, save_fold=False, show_individual_scores=True, conv_name='nn', num_layers=3, hidden_dim=64, pool='mean', attribute_to_last_layer=True, dropout_rate=0.0, epochs=300, early_stop_epoch=100, batch_size=2, lr=0.0003, weight_decay=0.0, factor=0.9, patience=10, min_lr=1e-07, opt_goal='MSE', loss='MSE+direction', com_loss_weight=0.02, uncom_loss_weight=0.02, normalize=False)
