Number of Jobs:  40
Loading dataset CHEMBL2047_EC50 from Benchmark_Data/CHEMBL2047_EC50/CHEMBL2047_EC50.csv
Loaded Benchmark_Data/CHEMBL2047_EC50/mcs_dict_0.9.pkl
  0%|          | 0/631 [00:00<?, ?it/s]  9%|▊         | 54/631 [00:00<00:01, 537.31it/s] 17%|█▋        | 108/631 [00:00<00:00, 533.27it/s] 26%|██▌       | 163/631 [00:00<00:00, 538.02it/s] 34%|███▍      | 217/631 [00:00<00:00, 535.30it/s] 43%|████▎     | 271/631 [00:00<00:00, 520.77it/s] 52%|█████▏    | 330/631 [00:00<00:00, 541.66it/s] 62%|██████▏   | 392/631 [00:00<00:00, 565.37it/s] 73%|███████▎  | 458/631 [00:00<00:00, 592.64it/s] 82%|████████▏ | 518/631 [00:00<00:00, 583.33it/s] 91%|█████████▏| 577/631 [00:01<00:00, 563.74it/s]100%|██████████| 631/631 [00:01<00:00, 554.75it/s]
Fold 0
best N_TREES: 0100
best val rmse: 0.000000
rf test rmse: 0.5643
rf test cliff rmse: 0.6211
rf test pcc: 0.7435
Total number of ground_truth explanations 80
rf direction score:  0.8375
Fold 1
best N_TREES: 0100
best val rmse: 0.000000
rf test rmse: 0.5475
rf test cliff rmse: 0.7090
rf test pcc: 0.7942
Total number of ground_truth explanations 56
rf direction score:  0.8035714285714286
Fold 2
best N_TREES: 0100
best val rmse: 0.000000
rf test rmse: 0.6507
rf test cliff rmse: 0.8054
rf test pcc: 0.7402
Total number of ground_truth explanations 47
rf direction score:  0.9361702127659575
Fold 3
best N_TREES: 0100
best val rmse: 0.000000
rf test rmse: 0.6160
rf test cliff rmse: 0.6661
rf test pcc: 0.7716
Total number of ground_truth explanations 77
rf direction score:  0.9090909090909091
Fold 4
best N_TREES: 0100
best val rmse: 0.000000
rf test rmse: 0.5013
rf test cliff rmse: 0.6449
rf test pcc: 0.8364
Total number of ground_truth explanations 74
rf direction score:  0.9594594594594594
Fold 5
best N_TREES: 0100
best val rmse: 0.000000
rf test rmse: 0.5571
rf test cliff rmse: 0.6344
rf test pcc: 0.8249
Total number of ground_truth explanations 66
rf direction score:  0.9242424242424242
Fold 6
best N_TREES: 0100
best val rmse: 0.000000
rf test rmse: 0.5846
rf test cliff rmse: 0.7382
rf test pcc: 0.7624
Total number of ground_truth explanations 88
rf direction score:  0.8863636363636364
Fold 7
best N_TREES: 0100
best val rmse: 0.000000
rf test rmse: 0.6056
rf test cliff rmse: 0.5940
rf test pcc: 0.8044
Total number of ground_truth explanations 66
rf direction score:  0.9545454545454546
Fold 8
best N_TREES: 0100
best val rmse: 0.000000
rf test rmse: 0.6077
rf test cliff rmse: 0.6608
rf test pcc: 0.7287
Total number of ground_truth explanations 80
rf direction score:  0.8875
Fold 9
best N_TREES: 0100
best val rmse: 0.000000
rf test rmse: 0.6536
rf test cliff rmse: 0.8249
rf test pcc: 0.7494
Total number of ground_truth explanations 84
rf direction score:  0.7738095238095238
CHEMBL2047_EC50 ==> rf_test_score rmse = 0.588831 +/- 0.045169
Seed 42 ==> rf_test_score rmse = 0.564295
Seed 43 ==> rf_test_score rmse = 0.547484
Seed 44 ==> rf_test_score rmse = 0.650749
Seed 45 ==> rf_test_score rmse = 0.615975
Seed 46 ==> rf_test_score rmse = 0.501275
Seed 47 ==> rf_test_score rmse = 0.557098
Seed 48 ==> rf_test_score rmse = 0.584552
Seed 49 ==> rf_test_score rmse = 0.605611
Seed 50 ==> rf_test_score rmse = 0.607700
Seed 51 ==> rf_test_score rmse = 0.653571
CHEMBL2047_EC50 ==> rf_test_cliff_score rmse = 0.689888 +/- 0.073967
Seed 42 ==> rf_test_cliff_score rmse = 0.621097
Seed 43 ==> rf_test_cliff_score rmse = 0.709025
Seed 44 ==> rf_test_cliff_score rmse = 0.805394
Seed 45 ==> rf_test_cliff_score rmse = 0.666073
Seed 46 ==> rf_test_cliff_score rmse = 0.644931
Seed 47 ==> rf_test_cliff_score rmse = 0.634401
Seed 48 ==> rf_test_cliff_score rmse = 0.738215
Seed 49 ==> rf_test_cliff_score rmse = 0.594042
Seed 50 ==> rf_test_cliff_score rmse = 0.660775
Seed 51 ==> rf_test_cliff_score rmse = 0.824924
CHEMBL2047_EC50 ==> rf_direction_score  = 0.887225 +/- 0.060273
Seed 42 ==> rf_direction_score  = 0.837500
Seed 43 ==> rf_direction_score  = 0.803571
Seed 44 ==> rf_direction_score  = 0.936170
Seed 45 ==> rf_direction_score  = 0.909091
Seed 46 ==> rf_direction_score  = 0.959459
Seed 47 ==> rf_direction_score  = 0.924242
Seed 48 ==> rf_direction_score  = 0.886364
Seed 49 ==> rf_direction_score  = 0.954545
Seed 50 ==> rf_direction_score  = 0.887500
Seed 51 ==> rf_direction_score  = 0.773810
args: Namespace(seed=42, gpu=None, save_dir='./Benchmark_Data/CHEMBL2047_EC50', save_checkpoints=False, checkpoint_path=None, config_dir='./configs', data_path='Benchmark_Data', dataset='CHEMBL2047_EC50', threshold=0.9, mode='cross_validation', num_classes=1, split=[0.8, 0.1, 0.1], metric='rmse', minimize_score=True, max_evals=50, hpt_patience=10, use_gnn_opt_params=False, use_opt_xweight=False, tune_type='grid_search', num_folds=10, save_fold=False, show_individual_scores=True, conv_name='nn', num_layers=3, hidden_dim=64, pool='mean', attribute_to_last_layer=True, dropout_rate=0.0, epochs=300, early_stop_epoch=100, batch_size=2, lr=0.0003, weight_decay=0.0, factor=0.9, patience=10, min_lr=1e-07, opt_goal='MSE', loss='MSE+direction', com_loss_weight=0.02, uncom_loss_weight=0.02, normalize=False)
