Number of Jobs:  40
Loading dataset CHEMBL2835_Ki from Benchmark_Data/CHEMBL2835_Ki/CHEMBL2835_Ki.csv
Loaded Benchmark_Data/CHEMBL2835_Ki/mcs_dict_0.9.pkl
  0%|          | 0/615 [00:00<?, ?it/s] 11%|█         | 68/615 [00:00<00:00, 676.10it/s] 23%|██▎       | 141/615 [00:00<00:00, 705.20it/s] 34%|███▍      | 212/615 [00:00<00:00, 634.32it/s] 45%|████▌     | 277/615 [00:00<00:00, 522.90it/s] 54%|█████▍    | 332/615 [00:00<00:00, 477.92it/s] 62%|██████▏   | 382/615 [00:00<00:00, 464.98it/s] 70%|██████▉   | 430/615 [00:00<00:00, 458.71it/s] 78%|███████▊  | 477/615 [00:00<00:00, 459.20it/s] 85%|████████▌ | 524/615 [00:01<00:00, 450.29it/s] 93%|█████████▎| 570/615 [00:01<00:00, 448.39it/s]100%|██████████| 615/615 [00:01<00:00, 484.29it/s]
Fold 0
best N_TREES: 0100
best val rmse: 0.000000
rf test rmse: 0.3508
rf test cliff rmse: 0.9318
rf test pcc: 0.9400
Total number of ground_truth explanations 5
rf direction score:  1.0
Fold 1
best N_TREES: 0100
best val rmse: 0.000000
rf test rmse: 0.4361
rf test cliff rmse: 0.8418
rf test pcc: 0.9611
Total number of ground_truth explanations 9
rf direction score:  0.6666666666666666
Fold 2
best N_TREES: 0100
best val rmse: 0.000000
rf test rmse: 0.4440
rf test cliff rmse: 1.0899
rf test pcc: 0.9253
Total number of ground_truth explanations 6
rf direction score:  0.5
Fold 3
best N_TREES: 0100
best val rmse: 0.000000
rf test rmse: 0.4977
rf test cliff rmse: 0.8161
rf test pcc: 0.8322
Total number of ground_truth explanations 11
rf direction score:  0.9090909090909091
Fold 4
best N_TREES: 0100
best val rmse: 0.000000
rf test rmse: 0.4210
rf test cliff rmse: 0.6217
rf test pcc: 0.9084
Total number of ground_truth explanations 11
rf direction score:  0.9090909090909091
Fold 5
best N_TREES: 0100
best val rmse: 0.000000
rf test rmse: 0.4205
rf test cliff rmse: 1.0740
rf test pcc: 0.9023
Total number of ground_truth explanations 8
rf direction score:  0.25
Fold 6
best N_TREES: 0100
best val rmse: 0.000000
rf test rmse: 0.4530
rf test cliff rmse: 0.2563
rf test pcc: 0.8896
Total number of ground_truth explanations 5
rf direction score:  1.0
Fold 7
best N_TREES: 0100
best val rmse: 0.000000
rf test rmse: 0.3103
rf test cliff rmse: 0.7206
rf test pcc: 0.9249
Total number of ground_truth explanations 7
rf direction score:  0.8571428571428571
Fold 8
best N_TREES: 0100
best val rmse: 0.000000
rf test rmse: 0.3685
rf test cliff rmse: 0.4161
rf test pcc: 0.9254
Total number of ground_truth explanations 7
rf direction score:  0.8571428571428571
Fold 9
best N_TREES: 0100
best val rmse: 0.000000
rf test rmse: 0.4155
rf test cliff rmse: 0.9546
rf test pcc: 0.9442
Total number of ground_truth explanations 8
rf direction score:  1.0
CHEMBL2835_Ki ==> rf_test_score rmse = 0.411747 +/- 0.051735
Seed 42 ==> rf_test_score rmse = 0.350792
Seed 43 ==> rf_test_score rmse = 0.436140
Seed 44 ==> rf_test_score rmse = 0.444022
Seed 45 ==> rf_test_score rmse = 0.497661
Seed 46 ==> rf_test_score rmse = 0.421027
Seed 47 ==> rf_test_score rmse = 0.420480
Seed 48 ==> rf_test_score rmse = 0.452982
Seed 49 ==> rf_test_score rmse = 0.310336
Seed 50 ==> rf_test_score rmse = 0.368500
Seed 51 ==> rf_test_score rmse = 0.415533
CHEMBL2835_Ki ==> rf_test_cliff_score rmse = 0.772280 +/- 0.259981
Seed 42 ==> rf_test_cliff_score rmse = 0.931768
Seed 43 ==> rf_test_cliff_score rmse = 0.841835
Seed 44 ==> rf_test_cliff_score rmse = 1.089934
Seed 45 ==> rf_test_cliff_score rmse = 0.816066
Seed 46 ==> rf_test_cliff_score rmse = 0.621663
Seed 47 ==> rf_test_cliff_score rmse = 1.074024
Seed 48 ==> rf_test_cliff_score rmse = 0.256261
Seed 49 ==> rf_test_cliff_score rmse = 0.720609
Seed 50 ==> rf_test_cliff_score rmse = 0.416061
Seed 51 ==> rf_test_cliff_score rmse = 0.954575
CHEMBL2835_Ki ==> rf_direction_score  = 0.794913 +/- 0.236717
Seed 42 ==> rf_direction_score  = 1.000000
Seed 43 ==> rf_direction_score  = 0.666667
Seed 44 ==> rf_direction_score  = 0.500000
Seed 45 ==> rf_direction_score  = 0.909091
Seed 46 ==> rf_direction_score  = 0.909091
Seed 47 ==> rf_direction_score  = 0.250000
Seed 48 ==> rf_direction_score  = 1.000000
Seed 49 ==> rf_direction_score  = 0.857143
Seed 50 ==> rf_direction_score  = 0.857143
Seed 51 ==> rf_direction_score  = 1.000000
args: Namespace(seed=42, gpu=None, save_dir='./Benchmark_Data/CHEMBL2835_Ki', save_checkpoints=False, checkpoint_path=None, config_dir='./configs', data_path='Benchmark_Data', dataset='CHEMBL2835_Ki', threshold=0.9, mode='cross_validation', num_classes=1, split=[0.8, 0.1, 0.1], metric='rmse', minimize_score=True, max_evals=50, hpt_patience=10, use_gnn_opt_params=False, use_opt_xweight=False, tune_type='grid_search', num_folds=10, save_fold=False, show_individual_scores=True, conv_name='nn', num_layers=3, hidden_dim=64, pool='mean', attribute_to_last_layer=True, dropout_rate=0.0, epochs=300, early_stop_epoch=100, batch_size=2, lr=0.0003, weight_decay=0.0, factor=0.9, patience=10, min_lr=1e-07, opt_goal='MSE', loss='MSE+direction', com_loss_weight=0.02, uncom_loss_weight=0.02, normalize=False)
