Number of Jobs:  40
Loading dataset CHEMBL4203_Ki from Benchmark_Data/CHEMBL4203_Ki/CHEMBL4203_Ki.csv
Loaded Benchmark_Data/CHEMBL4203_Ki/mcs_dict_0.9.pkl
  0%|          | 0/731 [00:00<?, ?it/s]  9%|▉         | 69/731 [00:00<00:00, 681.01it/s] 19%|█▉        | 138/731 [00:00<00:00, 673.94it/s] 29%|██▊       | 210/731 [00:00<00:00, 691.07it/s] 38%|███▊      | 280/731 [00:00<00:00, 685.32it/s] 48%|████▊     | 349/731 [00:00<00:00, 684.06it/s] 57%|█████▋    | 418/731 [00:00<00:00, 684.18it/s] 67%|██████▋   | 487/731 [00:00<00:00, 683.61it/s] 76%|███████▋  | 558/731 [00:00<00:00, 690.93it/s] 86%|████████▌ | 628/731 [00:00<00:00, 681.12it/s] 95%|█████████▌| 697/731 [00:01<00:00, 681.18it/s]100%|██████████| 731/731 [00:01<00:00, 680.63it/s]
Fold 0
best N_TREES: 0100
best val rmse: 0.000000
rf test rmse: 0.7991
rf test cliff rmse: 1.0204
rf test pcc: 0.6767
Total number of ground_truth explanations 8
rf direction score:  0.5
Fold 1
best N_TREES: 0100
best val rmse: 0.000000
rf test rmse: 0.7805
rf test cliff rmse: 1.0901
rf test pcc: 0.6664
Total number of ground_truth explanations 11
rf direction score:  0.6363636363636364
Fold 2
best N_TREES: 0100
best val rmse: 0.000000
rf test rmse: 0.8607
rf test cliff rmse: 0.7647
rf test pcc: 0.6940
Total number of ground_truth explanations 9
rf direction score:  0.6666666666666666
Fold 3
best N_TREES: 0100
best val rmse: 0.000000
rf test rmse: 0.7872
rf test cliff rmse: 1.1925
rf test pcc: 0.6682
Total number of ground_truth explanations 8
rf direction score:  0.625
Fold 4
best N_TREES: 0100
best val rmse: 0.000000
rf test rmse: 0.8979
rf test cliff rmse: 0.9745
rf test pcc: 0.6084
Total number of ground_truth explanations 8
rf direction score:  0.625
Fold 5
best N_TREES: 0100
best val rmse: 0.000000
rf test rmse: 0.7568
rf test cliff rmse: 0.5161
rf test pcc: 0.6568
Total number of ground_truth explanations 7
rf direction score:  0.7142857142857143
Fold 6
best N_TREES: 0100
best val rmse: 0.000000
rf test rmse: 0.7254
rf test cliff rmse: 1.0045
rf test pcc: 0.7208
Total number of ground_truth explanations 9
rf direction score:  0.8888888888888888
Fold 7
best N_TREES: 0100
best val rmse: 0.000000
rf test rmse: 0.8299
rf test cliff rmse: 1.0532
rf test pcc: 0.6047
Total number of ground_truth explanations 10
rf direction score:  0.8
Fold 8
best N_TREES: 0100
best val rmse: 0.000000
rf test rmse: 0.7247
rf test cliff rmse: 0.7486
rf test pcc: 0.7053
Total number of ground_truth explanations 12
rf direction score:  0.8333333333333334
Fold 9
best N_TREES: 0100
best val rmse: 0.000000
rf test rmse: 0.9247
rf test cliff rmse: 1.3437
rf test pcc: 0.6257
Total number of ground_truth explanations 13
rf direction score:  0.6923076923076923
CHEMBL4203_Ki ==> rf_test_score rmse = 0.808699 +/- 0.065266
Seed 42 ==> rf_test_score rmse = 0.799067
Seed 43 ==> rf_test_score rmse = 0.780495
Seed 44 ==> rf_test_score rmse = 0.860745
Seed 45 ==> rf_test_score rmse = 0.787161
Seed 46 ==> rf_test_score rmse = 0.897920
Seed 47 ==> rf_test_score rmse = 0.756847
Seed 48 ==> rf_test_score rmse = 0.725425
Seed 49 ==> rf_test_score rmse = 0.829924
Seed 50 ==> rf_test_score rmse = 0.724732
Seed 51 ==> rf_test_score rmse = 0.924675
CHEMBL4203_Ki ==> rf_test_cliff_score rmse = 0.970827 +/- 0.226149
Seed 42 ==> rf_test_cliff_score rmse = 1.020357
Seed 43 ==> rf_test_cliff_score rmse = 1.090091
Seed 44 ==> rf_test_cliff_score rmse = 0.764666
Seed 45 ==> rf_test_cliff_score rmse = 1.192498
Seed 46 ==> rf_test_cliff_score rmse = 0.974465
Seed 47 ==> rf_test_cliff_score rmse = 0.516139
Seed 48 ==> rf_test_cliff_score rmse = 1.004473
Seed 49 ==> rf_test_cliff_score rmse = 1.053212
Seed 50 ==> rf_test_cliff_score rmse = 0.748622
Seed 51 ==> rf_test_cliff_score rmse = 1.343746
CHEMBL4203_Ki ==> rf_direction_score  = 0.698185 +/- 0.109589
Seed 42 ==> rf_direction_score  = 0.500000
Seed 43 ==> rf_direction_score  = 0.636364
Seed 44 ==> rf_direction_score  = 0.666667
Seed 45 ==> rf_direction_score  = 0.625000
Seed 46 ==> rf_direction_score  = 0.625000
Seed 47 ==> rf_direction_score  = 0.714286
Seed 48 ==> rf_direction_score  = 0.888889
Seed 49 ==> rf_direction_score  = 0.800000
Seed 50 ==> rf_direction_score  = 0.833333
Seed 51 ==> rf_direction_score  = 0.692308
args: Namespace(seed=42, gpu=None, save_dir='./Benchmark_Data/CHEMBL4203_Ki', save_checkpoints=False, checkpoint_path=None, config_dir='./configs', data_path='Benchmark_Data', dataset='CHEMBL4203_Ki', threshold=0.9, mode='cross_validation', num_classes=1, split=[0.8, 0.1, 0.1], metric='rmse', minimize_score=True, max_evals=50, hpt_patience=10, use_gnn_opt_params=False, use_opt_xweight=False, tune_type='grid_search', num_folds=10, save_fold=False, show_individual_scores=True, conv_name='nn', num_layers=3, hidden_dim=64, pool='mean', attribute_to_last_layer=True, dropout_rate=0.0, epochs=300, early_stop_epoch=100, batch_size=2, lr=0.0003, weight_decay=0.0, factor=0.9, patience=10, min_lr=1e-07, opt_goal='MSE', loss='MSE+direction', com_loss_weight=0.02, uncom_loss_weight=0.02, normalize=False)
